2023-05-12 13:42:49.885 [warning] Via 'product.json#extensionEnabledApiProposals' extension 'ms-vscode.vscode-selfhost-test-provider' wants API proposal 'testContinuousRun' but that proposal DOES NOT EXIST. Likely, the proposal has been finalized (check 'vscode.d.ts') or was abandoned.
2023-05-12 13:42:55.656 [error] Error: The editor could not be opened because the file was not found.
    at lu.cc (vscode-file://vscode-app/usr/share/code/resources/app/out/vs/workbench/workbench.desktop.main.js:2285:93538)
    at async lu.setInput (vscode-file://vscode-app/usr/share/code/resources/app/out/vs/workbench/workbench.desktop.main.js:2285:92524)
    at async e.EditorPanes.M (vscode-file://vscode-app/usr/share/code/resources/app/out/vs/workbench/workbench.desktop.main.js:2283:23399)
    at async e.EditorPanes.D (vscode-file://vscode-app/usr/share/code/resources/app/out/vs/workbench/workbench.desktop.main.js:2283:21994)
    at async e.EditorPanes.openEditor (vscode-file://vscode-app/usr/share/code/resources/app/out/vs/workbench/workbench.desktop.main.js:2283:20897)
    at async vscode-file://vscode-app/usr/share/code/resources/app/out/vs/workbench/workbench.desktop.main.js:2462:13516
2023-05-12 13:43:34.112 [info] [perf] Render performance baseline is 718ms
2023-05-12 13:45:42.455 [info] [lifecycle]: Shutdown was prevented (id: veto.untitledWorkspace)
2023-05-12 15:15:35.714 [error] Unable to read file '/home/safaessadqui/week1/html1.html' (Error: Unable to resolve nonexistent file '/home/safaessadqui/week1/html1.html'): Error: Unable to read file '/home/safaessadqui/week1/html1.html' (Error: Unable to resolve nonexistent file '/home/safaessadqui/week1/html1.html')
    at e.FileService.w (vscode-file://vscode-app/usr/share/code/resources/app/out/vs/workbench/workbench.desktop.main.js:624:17839)
    at e.FileService.v (vscode-file://vscode-app/usr/share/code/resources/app/out/vs/workbench/workbench.desktop.main.js:624:17501)
    at async e.NativeTextFileService.H (vscode-file://vscode-app/usr/share/code/resources/app/out/vs/workbench/workbench.desktop.main.js:2307:38305)
    at async e.NativeTextFileService.readStream (vscode-file://vscode-app/usr/share/code/resources/app/out/vs/workbench/workbench.desktop.main.js:2307:38000)
    at async Hs.Ab (vscode-file://vscode-app/usr/share/code/resources/app/out/vs/workbench/workbench.desktop.main.js:2298:54368)
    at async Hs.resolve (vscode-file://vscode-app/usr/share/code/resources/app/out/vs/workbench/workbench.desktop.main.js:2298:52773)
    at async vscode-file://vscode-app/usr/share/code/resources/app/out/vs/workbench/workbench.desktop.main.js:2307:34023
2023-05-12 15:15:40.247 [error] Unable to read file '/home/safaessadqui/week1/html2.html' (Error: Unable to resolve nonexistent file '/home/safaessadqui/week1/html2.html'): Error: Unable to read file '/home/safaessadqui/week1/html2.html' (Error: Unable to resolve nonexistent file '/home/safaessadqui/week1/html2.html')
    at e.FileService.w (vscode-file://vscode-app/usr/share/code/resources/app/out/vs/workbench/workbench.desktop.main.js:624:17839)
    at e.FileService.v (vscode-file://vscode-app/usr/share/code/resources/app/out/vs/workbench/workbench.desktop.main.js:624:17501)
    at async e.NativeTextFileService.H (vscode-file://vscode-app/usr/share/code/resources/app/out/vs/workbench/workbench.desktop.main.js:2307:38305)
    at async e.NativeTextFileService.readStream (vscode-file://vscode-app/usr/share/code/resources/app/out/vs/workbench/workbench.desktop.main.js:2307:38000)
    at async Hs.Ab (vscode-file://vscode-app/usr/share/code/resources/app/out/vs/workbench/workbench.desktop.main.js:2298:54368)
    at async Hs.resolve (vscode-file://vscode-app/usr/share/code/resources/app/out/vs/workbench/workbench.desktop.main.js:2298:52773)
    at async vscode-file://vscode-app/usr/share/code/resources/app/out/vs/workbench/workbench.desktop.main.js:2307:34023
2023-05-12 15:15:43.781 [error] Unable to read file '/home/safaessadqui/week1/html.html' (Error: Unable to resolve nonexistent file '/home/safaessadqui/week1/html.html'): Error: Unable to read file '/home/safaessadqui/week1/html.html' (Error: Unable to resolve nonexistent file '/home/safaessadqui/week1/html.html')
    at e.FileService.w (vscode-file://vscode-app/usr/share/code/resources/app/out/vs/workbench/workbench.desktop.main.js:624:17839)
    at e.FileService.v (vscode-file://vscode-app/usr/share/code/resources/app/out/vs/workbench/workbench.desktop.main.js:624:17501)
    at async e.NativeTextFileService.H (vscode-file://vscode-app/usr/share/code/resources/app/out/vs/workbench/workbench.desktop.main.js:2307:38305)
    at async e.NativeTextFileService.readStream (vscode-file://vscode-app/usr/share/code/resources/app/out/vs/workbench/workbench.desktop.main.js:2307:38000)
    at async Hs.Ab (vscode-file://vscode-app/usr/share/code/resources/app/out/vs/workbench/workbench.desktop.main.js:2298:54368)
    at async Hs.resolve (vscode-file://vscode-app/usr/share/code/resources/app/out/vs/workbench/workbench.desktop.main.js:2298:52773)
    at async vscode-file://vscode-app/usr/share/code/resources/app/out/vs/workbench/workbench.desktop.main.js:2307:34023
2023-05-12 15:15:43.808 [error] Error: The editor could not be opened because the file was not found.
    at lu.cc (vscode-file://vscode-app/usr/share/code/resources/app/out/vs/workbench/workbench.desktop.main.js:2285:93538)
    at async lu.setInput (vscode-file://vscode-app/usr/share/code/resources/app/out/vs/workbench/workbench.desktop.main.js:2285:92524)
    at async e.EditorPanes.M (vscode-file://vscode-app/usr/share/code/resources/app/out/vs/workbench/workbench.desktop.main.js:2283:23399)
    at async e.EditorPanes.D (vscode-file://vscode-app/usr/share/code/resources/app/out/vs/workbench/workbench.desktop.main.js:2283:21994)
    at async e.EditorPanes.openEditor (vscode-file://vscode-app/usr/share/code/resources/app/out/vs/workbench/workbench.desktop.main.js:2283:20897)
    at async vscode-file://vscode-app/usr/share/code/resources/app/out/vs/workbench/workbench.desktop.main.js:2462:13516
2023-05-12 15:15:45.212 [error] Error: The editor could not be opened because the file was not found.
    at lu.cc (vscode-file://vscode-app/usr/share/code/resources/app/out/vs/workbench/workbench.desktop.main.js:2285:93538)
    at async lu.setInput (vscode-file://vscode-app/usr/share/code/resources/app/out/vs/workbench/workbench.desktop.main.js:2285:92524)
    at async e.EditorPanes.M (vscode-file://vscode-app/usr/share/code/resources/app/out/vs/workbench/workbench.desktop.main.js:2283:23399)
    at async e.EditorPanes.D (vscode-file://vscode-app/usr/share/code/resources/app/out/vs/workbench/workbench.desktop.main.js:2283:21994)
    at async e.EditorPanes.openEditor (vscode-file://vscode-app/usr/share/code/resources/app/out/vs/workbench/workbench.desktop.main.js:2283:20897)
    at async vscode-file://vscode-app/usr/share/code/resources/app/out/vs/workbench/workbench.desktop.main.js:2462:13516
2023-05-12 15:15:48.446 [error] Error: The editor could not be opened because the file was not found.
    at lu.cc (vscode-file://vscode-app/usr/share/code/resources/app/out/vs/workbench/workbench.desktop.main.js:2285:93538)
    at async lu.setInput (vscode-file://vscode-app/usr/share/code/resources/app/out/vs/workbench/workbench.desktop.main.js:2285:92524)
    at async e.EditorPanes.M (vscode-file://vscode-app/usr/share/code/resources/app/out/vs/workbench/workbench.desktop.main.js:2283:23399)
    at async e.EditorPanes.D (vscode-file://vscode-app/usr/share/code/resources/app/out/vs/workbench/workbench.desktop.main.js:2283:21994)
    at async e.EditorPanes.openEditor (vscode-file://vscode-app/usr/share/code/resources/app/out/vs/workbench/workbench.desktop.main.js:2283:20897)
    at async vscode-file://vscode-app/usr/share/code/resources/app/out/vs/workbench/workbench.desktop.main.js:2462:13516
