2023-05-06 13:20:55.697 [info] Extension host with pid 3210 started
2023-05-06 13:21:00.650 [info] ExtensionService#_doActivateExtension vscode.git-base, startup: true, activationEvent: '*', root cause: vscode.git
2023-05-06 13:21:03.779 [info] ExtensionService#_doActivateExtension vscode.git, startup: true, activationEvent: '*'
2023-05-06 13:21:04.821 [info] ExtensionService#_doActivateExtension vscode.github, startup: true, activationEvent: '*'
2023-05-06 13:21:05.738 [info] Eager extensions activated
2023-05-06 13:21:07.672 [info] ExtensionService#_doActivateExtension vscode.debug-auto-launch, startup: false, activationEvent: 'onStartupFinished'
2023-05-06 13:21:07.965 [info] ExtensionService#_doActivateExtension vscode.merge-conflict, startup: false, activationEvent: 'onStartupFinished'
2023-05-06 13:21:15.390 [info] ExtensionService#_doActivateExtension vscode.github-authentication, startup: false, activationEvent: 'onAuthenticationRequest:github'
2023-05-06 13:21:16.304 [info] ExtensionService#_doActivateExtension vscode.microsoft-authentication, startup: false, activationEvent: 'onAuthenticationRequest:microsoft'
2023-05-06 13:21:49.036 [info] Extension host terminating: renderer closed the MessagePort
2023-05-06 13:21:49.219 [info] Extension host with pid 3210 exiting with code 0
2023-05-06 13:22:06.360 [info] Extension host with pid 3286 started
2023-05-06 13:22:06.360 [info] Skipping acquiring lock for /home/safaessadqui/.config/Code/User/workspaceStorage/d678b5d3bba10afb63ca9cca879f86b7.
2023-05-06 13:22:08.534 [info] ExtensionService#_doActivateExtension vscode.git-base, startup: true, activationEvent: '*'
2023-05-06 13:22:09.467 [info] ExtensionService#_doActivateExtension vscode.github, startup: true, activationEvent: '*'
2023-05-06 13:22:09.758 [info] Eager extensions activated
2023-05-06 13:22:10.157 [info] ExtensionService#_doActivateExtension vscode.debug-auto-launch, startup: false, activationEvent: 'onStartupFinished'
2023-05-06 13:22:10.235 [info] ExtensionService#_doActivateExtension vscode.merge-conflict, startup: false, activationEvent: 'onStartupFinished'
2023-05-06 13:22:15.240 [info] ExtensionService#_doActivateExtension vscode.github-authentication, startup: false, activationEvent: 'onAuthenticationRequest:github'
2023-05-06 13:22:17.008 [info] ExtensionService#_doActivateExtension vscode.microsoft-authentication, startup: false, activationEvent: 'onAuthenticationRequest:microsoft'
2023-05-06 13:22:25.376 [info] ExtensionService#_doActivateExtension vscode.git, startup: false, activationEvent: 'api', root cause: vscode.github
2023-05-06 13:22:53.355 [info] Extension host terminating: renderer closed the MessagePort
2023-05-06 13:22:53.740 [info] Extension host with pid 3286 exiting with code 0
