2023-05-20 11:42:27.497 [info] Log level: Info
2023-05-20 11:42:27.497 [info] Validating found git in: "git"
2023-05-20 11:42:27.497 [info] Using git "2.30.2" from "git"
2023-05-20 11:42:29.529 [info] > git rev-parse --show-toplevel [8ms]
2023-05-20 11:42:29.529 [info] fatal: not a git repository (or any of the parent directories): .git
2023-05-20 11:43:22.029 [info] > git rev-parse --show-toplevel [9ms]
2023-05-20 11:43:22.029 [info] fatal: not a git repository (or any of the parent directories): .git
2023-05-20 11:44:25.188 [info] Log level: Info
2023-05-20 11:44:25.188 [info] Validating found git in: "git"
2023-05-20 11:44:25.188 [info] Using git "2.30.2" from "git"
2023-05-20 11:44:25.188 [info] > git rev-parse --show-toplevel [49ms]
2023-05-20 11:44:25.188 [info] fatal: not a git repository (or any of the parent directories): .git
2023-05-20 11:44:25.188 [info] > git rev-parse --show-toplevel [61ms]
2023-05-20 11:44:25.188 [info] fatal: not a git repository (or any of the parent directories): .git
2023-05-20 11:44:25.188 [info] > git rev-parse --show-toplevel [10ms]
2023-05-20 11:44:25.188 [info] fatal: not a git repository (or any of the parent directories): .git
2023-05-20 11:44:25.188 [info] > git rev-parse --show-toplevel [9ms]
2023-05-20 11:44:25.188 [info] fatal: not a git repository (or any of the parent directories): .git
2023-05-20 11:44:25.188 [info] > git rev-parse --show-toplevel [27ms]
2023-05-20 11:44:25.188 [info] fatal: not a git repository (or any of the parent directories): .git
2023-05-20 11:44:25.188 [info] > git rev-parse --show-toplevel [15ms]
2023-05-20 11:44:25.188 [info] fatal: not a git repository (or any of the parent directories): .git
2023-05-20 11:44:25.188 [info] > git rev-parse --show-toplevel [10ms]
2023-05-20 11:44:25.188 [info] fatal: not a git repository (or any of the parent directories): .git
2023-05-20 11:44:25.188 [info] > git rev-parse --show-toplevel [9ms]
2023-05-20 11:44:25.188 [info] fatal: not a git repository (or any of the parent directories): .git
2023-05-20 11:44:26.709 [info] > git rev-parse --show-toplevel [12ms]
2023-05-20 11:44:26.709 [info] fatal: not a git repository (or any of the parent directories): .git
2023-05-20 11:44:26.986 [info] > git rev-parse --show-toplevel [26ms]
2023-05-20 11:44:26.987 [info] fatal: not a git repository (or any of the parent directories): .git
2023-05-20 11:44:28.741 [info] > git rev-parse --show-toplevel [3ms]
2023-05-20 11:44:28.741 [info] fatal: not a git repository (or any of the parent directories): .git
2023-05-20 11:44:29.962 [info] > git rev-parse --show-toplevel [14ms]
2023-05-20 11:44:29.963 [info] fatal: not a git repository (or any of the parent directories): .git
