2023-05-11 21:22:39.721 [info] Log level: Info
2023-05-11 21:22:39.722 [info] Validating found git in: "git"
2023-05-11 21:22:39.724 [info] Using git "2.30.2" from "git"
2023-05-11 21:22:39.725 [info] > git rev-parse --show-toplevel [270ms]
2023-05-11 21:22:39.725 [info] fatal: not a git repository (or any of the parent directories): .git
2023-05-11 21:22:39.726 [info] > git rev-parse --show-toplevel [116ms]
2023-05-11 21:22:39.726 [info] fatal: not a git repository (or any of the parent directories): .git
2023-05-11 21:22:39.726 [info] > git rev-parse --show-toplevel [93ms]
2023-05-11 21:22:39.727 [info] fatal: not a git repository (or any of the parent directories): .git
2023-05-11 21:22:39.727 [info] > git rev-parse --show-toplevel [1916ms]
2023-05-11 21:22:39.728 [info] fatal: not a git repository (or any of the parent directories): .git
2023-05-11 21:22:39.728 [info] > git rev-parse --show-toplevel [490ms]
2023-05-11 21:22:39.728 [info] fatal: not a git repository (or any of the parent directories): .git
2023-05-11 21:22:39.728 [info] > git rev-parse --show-toplevel [658ms]
2023-05-11 21:22:39.729 [info] fatal: not a git repository (or any of the parent directories): .git
2023-05-11 21:22:39.729 [info] > git rev-parse --show-toplevel [4273ms]
2023-05-11 21:22:39.729 [info] fatal: not a git repository (or any of the parent directories): .git
2023-05-11 21:22:39.729 [info] > git rev-parse --show-toplevel [15ms]
2023-05-11 21:22:39.729 [info] fatal: not a git repository (or any of the parent directories): .git
2023-05-11 21:22:39.729 [info] > git rev-parse --show-toplevel [43ms]
2023-05-11 21:22:39.729 [info] fatal: not a git repository (or any of the parent directories): .git
2023-05-11 21:22:39.729 [info] > git rev-parse --show-toplevel [57ms]
2023-05-11 21:22:39.729 [info] fatal: not a git repository (or any of the parent directories): .git
