2023-05-06 13:23:23.793 [info] Reading sessions from keychain...
2023-05-06 13:23:23.803 [info] Getting sessions for all scopes...
2023-05-06 13:23:23.803 [info] Getting sessions for user:email...
2023-05-06 13:23:23.803 [info] Got 0 sessions for ...
2023-05-06 13:23:23.803 [info] Got 0 sessions for user:email...
2023-05-06 13:23:23.803 [info] Getting sessions for all scopes...
2023-05-06 13:23:23.803 [info] Got 0 sessions for ...
2023-05-06 13:23:27.848 [info] Getting sessions for all scopes...
2023-05-06 13:23:27.848 [info] Got 0 sessions for ...
2023-05-06 13:24:01.188 [info] Reading sessions from keychain...
2023-05-06 13:24:01.191 [info] Getting sessions for all scopes...
2023-05-06 13:24:01.192 [info] Getting sessions for user:email...
2023-05-06 13:24:01.199 [info] Getting sessions for all scopes...
2023-05-06 13:24:01.199 [info] Got 0 sessions for ...
2023-05-06 13:24:01.199 [info] Got 0 sessions for user:email...
2023-05-06 13:24:01.199 [info] Got 0 sessions for ...
2023-05-06 13:24:01.201 [info] Getting sessions for user:email...
2023-05-06 13:24:01.201 [info] Got 0 sessions for user:email...
2023-05-06 13:24:02.299 [info] Getting sessions for all scopes...
2023-05-06 13:24:02.302 [info] Got 0 sessions for ...
