2023-05-20 11:42:16.560 [info] Added views:workbench.panel.markers.view in workbench.panel.markers
2023-05-20 11:42:16.560 [info] Added views:workbench.panel.output in workbench.panel.output
2023-05-20 11:42:16.560 [info] Added views:terminal in terminal
2023-05-20 11:42:16.560 [info] Added views:outline in workbench.view.explorer
2023-05-20 11:42:16.560 [info] Added views:workbench.scm in workbench.view.scm
2023-05-20 11:42:16.560 [info] Added views:workbench.view.search in workbench.view.search
2023-05-20 11:42:16.560 [info] Added views:timeline in workbench.view.explorer
2023-05-20 11:42:16.560 [info] Added views:workbench.explorer.emptyView in workbench.view.explorer
2023-05-20 11:42:19.764 [info] Added views:workbench.debug.welcome in workbench.view.debug
2023-05-20 11:42:21.598 [info] Added views:workbench.panel.repl.view in workbench.panel.repl
2023-05-20 11:44:17.379 [info] Added views:workbench.panel.markers.view in workbench.panel.markers
2023-05-20 11:44:17.379 [info] Added views:workbench.panel.output in workbench.panel.output
2023-05-20 11:44:17.379 [info] Added views:terminal in terminal
2023-05-20 11:44:17.379 [info] Added views:outline in workbench.view.explorer
2023-05-20 11:44:17.379 [info] Added views:workbench.scm in workbench.view.scm
2023-05-20 11:44:17.379 [info] Added views:workbench.view.search in workbench.view.search
2023-05-20 11:44:17.388 [info] Added views:timeline in workbench.view.explorer
2023-05-20 11:44:17.388 [info] Added views:workbench.explorer.fileView in workbench.view.explorer
2023-05-20 11:44:21.339 [info] Added views:workbench.debug.welcome in workbench.view.debug
2023-05-20 11:44:21.608 [info] Added views:workbench.panel.repl.view in workbench.panel.repl
