2023-05-06 13:20:34.441 [info] Added views:workbench.panel.markers.view in workbench.panel.markers
2023-05-06 13:20:34.441 [info] Added views:workbench.panel.output in workbench.panel.output
2023-05-06 13:20:34.441 [info] Added views:terminal in terminal
2023-05-06 13:20:34.441 [info] Added views:outline in workbench.view.explorer
2023-05-06 13:20:34.441 [info] Added views:workbench.scm in workbench.view.scm
2023-05-06 13:20:34.441 [info] Added views:workbench.view.search in workbench.view.search
2023-05-06 13:20:34.441 [info] Added views:timeline in workbench.view.explorer
2023-05-06 13:20:34.441 [info] Added views:workbench.explorer.emptyView in workbench.view.explorer
2023-05-06 13:20:47.866 [info] Added views:workbench.debug.welcome in workbench.view.debug
2023-05-06 13:21:00.878 [info] Added views:workbench.panel.repl.view in workbench.panel.repl
2023-05-06 13:21:54.070 [info] Added views:workbench.panel.markers.view in workbench.panel.markers
2023-05-06 13:21:54.071 [info] Added views:workbench.panel.output in workbench.panel.output
2023-05-06 13:21:54.075 [info] Added views:terminal in terminal
2023-05-06 13:21:54.086 [info] Added views:outline in workbench.view.explorer
2023-05-06 13:21:54.086 [info] Added views:workbench.scm in workbench.view.scm
2023-05-06 13:21:54.086 [info] Added views:workbench.view.search in workbench.view.search
2023-05-06 13:21:54.087 [info] Added views:timeline in workbench.view.explorer
2023-05-06 13:21:54.087 [info] Added views:workbench.explorer.fileView in workbench.view.explorer
2023-05-06 13:22:07.532 [info] Added views:workbench.debug.variablesView,workbench.debug.watchExpressionsView,workbench.debug.callStackView,workbench.debug.breakPointsView in workbench.view.debug
2023-05-06 13:22:08.503 [info] Added views:workbench.panel.repl.view in workbench.panel.repl
2023-05-06 13:22:08.513 [info] Removed views:workbench.debug.breakPointsView,workbench.debug.callStackView,workbench.debug.watchExpressionsView,workbench.debug.variablesView from workbench.view.debug
2023-05-06 13:22:08.534 [info] Added views:workbench.debug.welcome in workbench.view.debug
