2023-05-11 21:21:41.073 [info] Extension host with pid 745 started
2023-05-11 21:21:42.739 [info] ExtensionService#_doActivateExtension vscode.github-authentication, startup: false, activationEvent: 'onAuthenticationRequest:github'
2023-05-11 21:21:44.182 [info] ExtensionService#_doActivateExtension vscode.git-base, startup: true, activationEvent: '*', root cause: vscode.git
2023-05-11 21:21:45.564 [info] ExtensionService#_doActivateExtension vscode.git, startup: true, activationEvent: '*'
2023-05-11 21:21:46.846 [info] ExtensionService#_doActivateExtension vscode.github, startup: true, activationEvent: '*'
2023-05-11 21:21:48.511 [info] Eager extensions activated
2023-05-11 21:21:50.481 [info] ExtensionService#_doActivateExtension vscode.debug-auto-launch, startup: false, activationEvent: 'onStartupFinished'
2023-05-11 21:21:51.256 [info] ExtensionService#_doActivateExtension vscode.merge-conflict, startup: false, activationEvent: 'onStartupFinished'
2023-05-11 21:21:57.651 [info] ExtensionService#_doActivateExtension vscode.microsoft-authentication, startup: false, activationEvent: 'onAuthenticationRequest:microsoft'
2023-05-11 21:25:27.704 [info] Extension host terminating: renderer closed the MessagePort
2023-05-11 21:25:27.771 [info] Extension host with pid 745 exiting with code 0
2023-05-11 21:25:31.396 [info] Extension host with pid 1357 started
2023-05-11 21:25:31.396 [info] Skipping acquiring lock for /home/safaessadqui/.config/Code/User/workspaceStorage/0216692d2ef474e17a06f6da38247d3b.
2023-05-11 21:25:31.705 [info] ExtensionService#_doActivateExtension vscode.github-authentication, startup: false, activationEvent: 'onAuthenticationRequest:github'
2023-05-11 21:25:31.863 [info] ExtensionService#_doActivateExtension vscode.microsoft-authentication, startup: false, activationEvent: 'onAuthenticationRequest:microsoft'
2023-05-11 21:25:32.153 [info] ExtensionService#_doActivateExtension vscode.git-base, startup: true, activationEvent: '*', root cause: vscode.git
2023-05-11 21:25:32.260 [info] ExtensionService#_doActivateExtension vscode.git, startup: true, activationEvent: '*'
2023-05-11 21:25:32.402 [info] ExtensionService#_doActivateExtension vscode.github, startup: true, activationEvent: '*'
2023-05-11 21:25:32.784 [info] Eager extensions activated
2023-05-11 21:25:32.945 [info] ExtensionService#_doActivateExtension vscode.debug-auto-launch, startup: false, activationEvent: 'onStartupFinished'
2023-05-11 21:25:32.960 [info] ExtensionService#_doActivateExtension vscode.merge-conflict, startup: false, activationEvent: 'onStartupFinished'
2023-05-11 21:25:39.267 [info] ExtensionService#_doActivateExtension vscode.emmet, startup: false, activationEvent: 'onLanguage'
2023-05-11 21:26:13.188 [info] Extension host terminating: renderer closed the MessagePort
2023-05-11 21:26:13.337 [info] Extension host with pid 1357 exiting with code 0
