2023-05-06 13:23:21.044 [info] Log level: Info
2023-05-06 13:23:21.053 [info] Validating found git in: "git"
2023-05-06 13:23:21.058 [info] Using git "2.30.2" from "git"
2023-05-06 13:24:02.551 [info] Log level: Info
2023-05-06 13:24:02.551 [info] Validating found git in: "git"
2023-05-06 13:24:02.551 [info] Using git "2.30.2" from "git"
2023-05-06 13:24:02.551 [info] > git rev-parse --show-toplevel [178ms]
2023-05-06 13:24:02.551 [info] fatal: not a git repository (or any of the parent directories): .git
2023-05-06 13:24:02.551 [info] > git rev-parse --show-toplevel [482ms]
2023-05-06 13:24:02.551 [info] fatal: not a git repository (or any of the parent directories): .git
2023-05-06 13:24:02.551 [info] > git rev-parse --show-toplevel [343ms]
2023-05-06 13:24:02.551 [info] fatal: not a git repository (or any of the parent directories): .git
2023-05-06 13:24:02.560 [info] > git rev-parse --show-toplevel [204ms]
2023-05-06 13:24:02.560 [info] fatal: not a git repository (or any of the parent directories): .git
2023-05-06 13:24:02.654 [info] > git rev-parse --show-toplevel [54ms]
2023-05-06 13:24:02.654 [info] fatal: not a git repository (or any of the parent directories): .git
2023-05-06 13:24:02.715 [info] > git rev-parse --show-toplevel [29ms]
2023-05-06 13:24:02.715 [info] fatal: not a git repository (or any of the parent directories): .git
2023-05-06 13:24:02.778 [info] > git rev-parse --show-toplevel [21ms]
2023-05-06 13:24:02.778 [info] fatal: not a git repository (or any of the parent directories): .git
2023-05-06 13:25:35.829 [info] > git rev-parse --show-toplevel [30ms]
2023-05-06 13:25:35.837 [info] fatal: not a git repository (or any of the parent directories): .git
2023-05-07 10:57:01.449 [info] > git rev-parse --show-toplevel [12ms]
2023-05-07 10:57:01.449 [info] fatal: not a git repository (or any of the parent directories): .git
2023-05-07 10:57:39.371 [info] > git rev-parse --show-toplevel [14ms]
2023-05-07 10:57:39.372 [info] fatal: not a git repository (or any of the parent directories): .git
2023-05-07 10:59:25.555 [info] > git rev-parse --show-toplevel [20ms]
2023-05-07 10:59:25.556 [info] fatal: not a git repository (or any of the parent directories): .git
