2023-05-12 00:28:17.153 [info] Extension host with pid 1947 started
2023-05-12 00:28:17.154 [info] Skipping acquiring lock for /home/safaessadqui/.config/Code/User/workspaceStorage/9431a369bc184b4c986e73f041ce5387.
2023-05-12 00:28:20.743 [info] ExtensionService#_doActivateExtension vscode.git-base, startup: true, activationEvent: '*', root cause: vscode.git
2023-05-12 00:28:22.395 [info] ExtensionService#_doActivateExtension vscode.git, startup: true, activationEvent: '*'
2023-05-12 00:28:22.813 [info] ExtensionService#_doActivateExtension vscode.github, startup: true, activationEvent: '*'
2023-05-12 00:28:24.024 [info] Eager extensions activated
2023-05-12 00:28:24.647 [info] ExtensionService#_doActivateExtension vscode.debug-auto-launch, startup: false, activationEvent: 'onStartupFinished'
2023-05-12 00:28:24.686 [info] ExtensionService#_doActivateExtension vscode.merge-conflict, startup: false, activationEvent: 'onStartupFinished'
2023-05-12 00:28:25.187 [info] Extension host terminating: renderer closed the MessagePort
2023-05-12 00:28:25.251 [error] Canceled: Canceled
	at Object.k [as canceled] (/usr/share/code/resources/app/out/vs/workbench/api/node/extensionHostProcess.js:7:1192)
	at /usr/share/code/resources/app/out/vs/workbench/api/node/extensionHostProcess.js:110:8281
	at Array.forEach (<anonymous>)
	at a.dispose (/usr/share/code/resources/app/out/vs/workbench/api/node/extensionHostProcess.js:110:8246)
	at v.terminate (/usr/share/code/resources/app/out/vs/workbench/api/node/extensionHostProcess.js:112:9392)
	at d.terminate (/usr/share/code/resources/app/out/vs/workbench/api/node/extensionHostProcess.js:116:1544)
	at g (/usr/share/code/resources/app/out/vs/workbench/api/node/extensionHostProcess.js:126:34439)
	at MessagePortMain.<anonymous> (/usr/share/code/resources/app/out/vs/workbench/api/node/extensionHostProcess.js:126:30578)
	at MessagePortMain.emit (node:events:513:28)
	at MessagePortMain._internalPort.emit (node:electron/js2c/utility_init:2:367) setContext undefined
2023-05-12 00:28:25.252 [info] Extension host with pid 1947 exiting with code 0
