2023-05-11 21:22:36.222 [info] Reading sessions from keychain...
2023-05-11 21:22:36.222 [info] Getting sessions for all scopes...
2023-05-11 21:22:36.222 [info] Getting sessions for user:email...
2023-05-11 21:22:36.222 [info] Getting sessions for all scopes...
2023-05-11 21:22:36.222 [info] Got 0 sessions for ...
2023-05-11 21:22:36.222 [info] Got 0 sessions for user:email...
2023-05-11 21:22:36.222 [info] Got 0 sessions for ...
2023-05-11 21:22:36.222 [info] Getting sessions for all scopes...
2023-05-11 21:22:36.222 [info] Got 0 sessions for ...
2023-05-11 21:25:32.130 [info] Reading sessions from keychain...
2023-05-11 21:25:32.130 [info] Getting sessions for all scopes...
2023-05-11 21:25:32.130 [info] Getting sessions for user:email...
2023-05-11 21:25:32.130 [info] Getting sessions for all scopes...
2023-05-11 21:25:32.130 [info] Got 0 sessions for ...
2023-05-11 21:25:32.130 [info] Got 0 sessions for user:email...
2023-05-11 21:25:32.130 [info] Got 0 sessions for ...
2023-05-11 21:25:32.141 [info] Getting sessions for user:email...
2023-05-11 21:25:32.141 [info] Got 0 sessions for user:email...
2023-05-11 21:25:32.145 [info] Getting sessions for all scopes...
2023-05-11 21:25:32.145 [info] Got 0 sessions for ...
